<?xml version="1.0" encoding="UTF-8"?>
<!-- Generated by org.testng.reporters.JUnitReportReporter -->
<testsuite skipped="0" hostname="cavya" name="bootcamp_assignment.Login_TestNG" tests="1" failures="0" timestamp="01 Apr 2018 12:47:47 GMT" time="79.687" errors="0">
  <testcase name="validateIcons" time="79.687" classname="bootcamp_assignment.Login_TestNG"/>
</testsuite> <!-- bootcamp_assignment.Login_TestNG -->
